NVDIMM Log 

Data for Epoch 0
========================

Simulation Data: 
========================
Cycles Simulated: 200001
Accesses 2
Reads completed: 1
Writes completed: 1
Number of Misses 2
Number of Hits 18
Number of Read Misses 0
Number of Read Hits 10
Number of Write Misses 2
Number of Write Hits 8
Miss Rate 1
Read Miss Rate 0
Write Miss Rate 2

Power Data: 
========================
Package: 0
Accumulated Idle Energy: 7.97284e-05mJ
Accumulated Access Energy: 0.00691749mJ
Accumulated VPP Idle Energy: 1.99321e-07mJ
Accumulated VPP Access Energy: 9.86078e-06mJ
Total Energy: 0.00700728mJ

Average Idle Power: 0.264mW
Average Access Power: 22.9055mW
Average VPP Idle Power: 0.00066mW
Average VPP Access Power: 0.0326514mW
Average Power: 23.2028mW


Data for Epoch 1
========================

Simulation Data: 
========================
Cycles Simulated: 400002
Accesses 5
Reads completed: 2
Writes completed: 3
Number of Misses 2
Number of Hits 18
Number of Read Misses 0
Number of Read Hits 10
Number of Write Misses 2
Number of Write Hits 8
Miss Rate 0.4
Read Miss Rate 0
Write Miss Rate 0.666667

Power Data: 
========================
Package: 0
Accumulated Idle Energy: 0.000159457mJ
Accumulated Access Energy: 0.0207491mJ
Accumulated VPP Idle Energy: 3.98642e-07mJ
Accumulated VPP Access Energy: 2.95819e-05mJ
Total Energy: 0.0209386mJ

Average Idle Power: 0.264mW
Average Access Power: 34.3527mW
Average VPP Idle Power: 0.00066mW
Average VPP Access Power: 0.0489765mW
Average Power: 34.6663mW


Data for Epoch 2
========================

Simulation Data: 
========================
Cycles Simulated: 600003
Accesses 7
Reads completed: 3
Writes completed: 4
Number of Misses 2
Number of Hits 18
Number of Read Misses 0
Number of Read Hits 10
Number of Write Misses 2
Number of Write Hits 8
Miss Rate 0.285714
Read Miss Rate 0
Write Miss Rate 0.5

Power Data: 
========================
Package: 0
Accumulated Idle Energy: 0.000239185mJ
Accumulated Access Energy: 0.0276666mJ
Accumulated VPP Idle Energy: 5.97963e-07mJ
Accumulated VPP Access Energy: 3.94427e-05mJ
Total Energy: 0.0279458mJ

Average Idle Power: 0.264mW
Average Access Power: 30.5369mW
Average VPP Idle Power: 0.00066mW
Average VPP Access Power: 0.0435348mW
Average Power: 30.8451mW


Data for Epoch 3
========================

Simulation Data: 
========================
Cycles Simulated: 800004
Accesses 10
Reads completed: 5
Writes completed: 5
Number of Misses 2
Number of Hits 18
Number of Read Misses 0
Number of Read Hits 10
Number of Write Misses 2
Number of Write Hits 8
Miss Rate 0.2
Read Miss Rate 0
Write Miss Rate 0.4

Power Data: 
========================
Package: 0
Accumulated Idle Energy: 0.000318914mJ
Accumulated Access Energy: 0.0345874mJ
Accumulated VPP Idle Energy: 7.97284e-07mJ
Accumulated VPP Access Energy: 4.93039e-05mJ
Total Energy: 0.0349565mJ

Average Idle Power: 0.264mW
Average Access Power: 28.6318mW
Average VPP Idle Power: 0.00066mW
Average VPP Access Power: 0.0408143mW
Average Power: 28.9373mW


Data for Epoch 4
========================

Simulation Data: 
========================
Cycles Simulated: 1000005
Accesses 12
Reads completed: 6
Writes completed: 6
Number of Misses 2
Number of Hits 18
Number of Read Misses 0
Number of Read Hits 10
Number of Write Misses 2
Number of Write Hits 8
Miss Rate 0.166667
Read Miss Rate 0
Write Miss Rate 0.333333

Power Data: 
========================
Package: 0
Accumulated Idle Energy: 0.000398642mJ
Accumulated Access Energy: 0.0415049mJ
Accumulated VPP Idle Energy: 9.96605e-07mJ
Accumulated VPP Access Energy: 5.91647e-05mJ
Total Energy: 0.0419637mJ

Average Idle Power: 0.264mW
Average Access Power: 27.4866mW
Average VPP Idle Power: 0.00066mW
Average VPP Access Power: 0.0391817mW
Average Power: 27.7904mW


Data for Epoch 5
========================

Simulation Data: 
========================
Cycles Simulated: 1200006
Accesses 15
Reads completed: 7
Writes completed: 8
Number of Misses 2
Number of Hits 18
Number of Read Misses 0
Number of Read Hits 10
Number of Write Misses 2
Number of Write Hits 8
Miss Rate 0.133333
Read Miss Rate 0
Write Miss Rate 0.25

Power Data: 
========================
Package: 0
Accumulated Idle Energy: 0.00047837mJ
Accumulated Access Energy: 0.0553366mJ
Accumulated VPP Idle Energy: 1.19593e-06mJ
Accumulated VPP Access Energy: 7.88858e-05mJ
Total Energy: 0.055895mJ

Average Idle Power: 0.264mW
Average Access Power: 30.5388mW
Average VPP Idle Power: 0.00066mW
Average VPP Access Power: 0.043535mW
Average Power: 30.847mW


Data for Epoch 6
========================

Simulation Data: 
========================
Cycles Simulated: 1400007
Accesses 17
Reads completed: 8
Writes completed: 9
Number of Misses 2
Number of Hits 18
Number of Read Misses 0
Number of Read Hits 10
Number of Write Misses 2
Number of Write Hits 8
Miss Rate 0.117647
Read Miss Rate 0
Write Miss Rate 0.222222

Power Data: 
========================
Package: 0
Accumulated Idle Energy: 0.000558099mJ
Accumulated Access Energy: 0.062254mJ
Accumulated VPP Idle Energy: 1.39525e-06mJ
Accumulated VPP Access Energy: 8.87466e-05mJ
Total Energy: 0.0629023mJ

Average Idle Power: 0.264mW
Average Access Power: 29.4483mW
Average VPP Idle Power: 0.00066mW
Average VPP Access Power: 0.0419802mW
Average Power: 29.755mW


Data for Epoch 7
========================

Simulation Data: 
========================
Cycles Simulated: 1600008
Accesses 20
Reads completed: 10
Writes completed: 10
Number of Misses 2
Number of Hits 18
Number of Read Misses 0
Number of Read Hits 10
Number of Write Misses 2
Number of Write Hits 8
Miss Rate 0.1
Read Miss Rate 0
Write Miss Rate 0.2

Power Data: 
========================
Package: 0
Accumulated Idle Energy: 0.000637827mJ
Accumulated Access Energy: 0.0691749mJ
Accumulated VPP Idle Energy: 1.59457e-06mJ
Accumulated VPP Access Energy: 9.86078e-05mJ
Total Energy: 0.0699129mJ

Average Idle Power: 0.264mW
Average Access Power: 28.6318mW
Average VPP Idle Power: 0.00066mW
Average VPP Access Power: 0.0408143mW
Average Power: 28.9373mW


Data for Epoch 8
========================

Simulation Data: 
========================
Cycles Simulated: 1661975
Accesses 20
Reads completed: 10
Writes completed: 10
Number of Misses 2
Number of Hits 18
Number of Read Misses 0
Number of Read Hits 10
Number of Write Misses 2
Number of Write Hits 8
Miss Rate 0.1
Read Miss Rate 0
Write Miss Rate 0.2

Power Data: 
========================
Package: 0
Accumulated Idle Energy: 0.00066253mJ
Accumulated Access Energy: 0.0691749mJ
Accumulated VPP Idle Energy: 1.65632e-06mJ
Accumulated VPP Access Energy: 9.86078e-05mJ
Total Energy: 0.0699377mJ

Average Idle Power: 0.264mW
Average Access Power: 27.5643mW
Average VPP Idle Power: 0.00066mW
Average VPP Access Power: 0.0392925mW
Average Power: 27.8683mW

